Analysis & Synthesis report for tube
Fri Mar 15 23:03:55 2019
Quartus II Version 9.0 Build 184 04/29/2009 Service Pack 1 SJ Web Edition


---------------------
; Table of Contents ;
---------------------
  1. Legal Notice
  2. Analysis & Synthesis Summary
  3. Analysis & Synthesis Settings
  4. Analysis & Synthesis Source Files Read
  5. Analysis & Synthesis Resource Usage Summary
  6. Analysis & Synthesis Resource Utilization by Entity
  7. User-Specified and Inferred Latches
  8. General Register Statistics
  9. Multiplexer Restructuring Statistics (Restructuring Performed)
 10. Parameter Settings for User Entity Instance: 74161:inst26
 11. Analysis & Synthesis Messages



----------------
; Legal Notice ;
----------------
Copyright (C) 1991-2009 Altera Corporation
Your use of Altera Corporation's design tools, logic functions 
and other software and tools, and its AMPP partner logic 
functions, and any output files from any of the foregoing 
(including device programming or simulation files), and any 
associated documentation or information are expressly subject 
to the terms and conditions of the Altera Program License 
Subscription Agreement, Altera MegaCore Function License 
Agreement, or other applicable license agreement, including, 
without limitation, that your use is for the sole purpose of 
programming logic devices manufactured by Altera and sold by 
Altera or its authorized distributors.  Please refer to the 
applicable agreement for further details.



+-----------------------------------------------------------------------------------+
; Analysis & Synthesis Summary                                                      ;
+------------------------------------+----------------------------------------------+
; Analysis & Synthesis Status        ; Successful - Fri Mar 15 23:03:55 2019        ;
; Quartus II Version                 ; 9.0 Build 184 04/29/2009 SP 1 SJ Web Edition ;
; Revision Name                      ; tube                                         ;
; Top-level Entity Name              ; tube                                         ;
; Family                             ; Cyclone II                                   ;
; Total logic elements               ; 70                                           ;
;     Total combinational functions  ; 70                                           ;
;     Dedicated logic registers      ; 3                                            ;
; Total registers                    ; 3                                            ;
; Total pins                         ; 25                                           ;
; Total virtual pins                 ; 0                                            ;
; Total memory bits                  ; 0                                            ;
; Embedded Multiplier 9-bit elements ; 0                                            ;
; Total PLLs                         ; 0                                            ;
+------------------------------------+----------------------------------------------+


+--------------------------------------------------------------------------------------------------------+
; Analysis & Synthesis Settings                                                                          ;
+--------------------------------------------------------------+--------------------+--------------------+
; Option                                                       ; Setting            ; Default Value      ;
+--------------------------------------------------------------+--------------------+--------------------+
; Device                                                       ; EP2C5T144C8        ;                    ;
; Top-level entity name                                        ; tube               ; tube               ;
; Family name                                                  ; Cyclone II         ; Stratix II         ;
; Use Generated Physical Constraints File                      ; Off                ;                    ;
; Use smart compilation                                        ; Off                ; Off                ;
; Restructure Multiplexers                                     ; Auto               ; Auto               ;
; Create Debugging Nodes for IP Cores                          ; Off                ; Off                ;
; Preserve fewer node names                                    ; On                 ; On                 ;
; Disable OpenCore Plus hardware evaluation                    ; Off                ; Off                ;
; Verilog Version                                              ; Verilog_2001       ; Verilog_2001       ;
; VHDL Version                                                 ; VHDL93             ; VHDL93             ;
; State Machine Processing                                     ; Auto               ; Auto               ;
; Safe State Machine                                           ; Off                ; Off                ;
; Extract Verilog State Machines                               ; On                 ; On                 ;
; Extract VHDL State Machines                                  ; On                 ; On                 ;
; Ignore Verilog initial constructs                            ; Off                ; Off                ;
; Iteration limit for constant Verilog loops                   ; 5000               ; 5000               ;
; Iteration limit for non-constant Verilog loops               ; 250                ; 250                ;
; Add Pass-Through Logic to Inferred RAMs                      ; On                 ; On                 ;
; Parallel Synthesis                                           ; Off                ; Off                ;
; DSP Block Balancing                                          ; Auto               ; Auto               ;
; NOT Gate Push-Back                                           ; On                 ; On                 ;
; Power-Up Don't Care                                          ; On                 ; On                 ;
; Remove Redundant Logic Cells                                 ; Off                ; Off                ;
; Remove Duplicate Registers                                   ; On                 ; On                 ;
; Ignore CARRY Buffers                                         ; Off                ; Off                ;
; Ignore CASCADE Buffers                                       ; Off                ; Off                ;
; Ignore GLOBAL Buffers                                        ; Off                ; Off                ;
; Ignore ROW GLOBAL Buffers                                    ; Off                ; Off                ;
; Ignore LCELL Buffers                                         ; Off                ; Off                ;
; Ignore SOFT Buffers                                          ; On                 ; On                 ;
; Limit AHDL Integers to 32 Bits                               ; Off                ; Off                ;
; Optimization Technique                                       ; Balanced           ; Balanced           ;
; Carry Chain Length                                           ; 70                 ; 70                 ;
; Auto Carry Chains                                            ; On                 ; On                 ;
; Auto Open-Drain Pins                                         ; On                 ; On                 ;
; Perform WYSIWYG Primitive Resynthesis                        ; Off                ; Off                ;
; Auto ROM Replacement                                         ; On                 ; On                 ;
; Auto RAM Replacement                                         ; On                 ; On                 ;
; Auto Shift Register Replacement                              ; Auto               ; Auto               ;
; Auto Clock Enable Replacement                                ; On                 ; On                 ;
; Strict RAM Replacement                                       ; Off                ; Off                ;
; Allow Synchronous Control Signals                            ; On                 ; On                 ;
; Force Use of Synchronous Clear Signals                       ; Off                ; Off                ;
; Auto RAM to Logic Cell Conversion                            ; Off                ; Off                ;
; Auto Resource Sharing                                        ; Off                ; Off                ;
; Allow Any RAM Size For Recognition                           ; Off                ; Off                ;
; Allow Any ROM Size For Recognition                           ; Off                ; Off                ;
; Allow Any Shift Register Size For Recognition                ; Off                ; Off                ;
; Use LogicLock Constraints during Resource Balancing          ; On                 ; On                 ;
; Ignore translate_off and synthesis_off directives            ; Off                ; Off                ;
; Timing-Driven Synthesis                                      ; Off                ; Off                ;
; Show Parameter Settings Tables in Synthesis Report           ; On                 ; On                 ;
; Ignore Maximum Fan-Out Assignments                           ; Off                ; Off                ;
; Synchronization Register Chain Length                        ; 2                  ; 2                  ;
; PowerPlay Power Optimization                                 ; Normal compilation ; Normal compilation ;
; HDL message level                                            ; Level2             ; Level2             ;
; Suppress Register Optimization Related Messages              ; Off                ; Off                ;
; Number of Removed Registers Reported in Synthesis Report     ; 100                ; 100                ;
; Number of Inverted Registers Reported in Synthesis Report    ; 100                ; 100                ;
; Clock MUX Protection                                         ; On                 ; On                 ;
; Auto Gated Clock Conversion                                  ; Off                ; Off                ;
; Block Design Naming                                          ; Auto               ; Auto               ;
; SDC constraint protection                                    ; Off                ; Off                ;
; Synthesis Effort                                             ; Auto               ; Auto               ;
; Shift Register Replacement - Allow Asynchronous Clear Signal ; On                 ; On                 ;
; Analysis & Synthesis Message Level                           ; Medium             ; Medium             ;
+--------------------------------------------------------------+--------------------+--------------------+


+--------------------------------------------------------------------------------------------------------------------------------------------------------+
; Analysis & Synthesis Source Files Read                                                                                                                 ;
+----------------------------------+-----------------+------------------------------------+--------------------------------------------------------------+
; File Name with User-Entered Path ; Used in Netlist ; File Type                          ; File Name with Absolute Path                                 ;
+----------------------------------+-----------------+------------------------------------+--------------------------------------------------------------+
; Select1.vhd                      ; yes             ; User VHDL File                     ; D:/My-Quartus/数码管显示/Select1.vhd                         ;
; tube.bdf                         ; yes             ; User Block Diagram/Schematic File  ; D:/My-Quartus/数码管显示/tube.bdf                            ;
; ex7449.bdf                       ; yes             ; User Block Diagram/Schematic File  ; D:/My-Quartus/数码管显示/ex7449.bdf                          ;
; 74185.bdf                        ; yes             ; Megafunction                       ; c:/altera/90sp1/quartus/libraries/others/maxplus2/74185.bdf  ;
; 74161.tdf                        ; yes             ; Megafunction                       ; c:/altera/90sp1/quartus/libraries/others/maxplus2/74161.tdf  ;
; aglobal.inc                      ; yes             ; Megafunction                       ; c:/altera/90sp1/quartus/libraries/megafunctions/aglobal.inc  ;
; f74161.bdf                       ; yes             ; Megafunction                       ; c:/altera/90sp1/quartus/libraries/others/maxplus2/f74161.bdf ;
+----------------------------------+-----------------+------------------------------------+--------------------------------------------------------------+


+-------------------------------------------------------------------------+
; Analysis & Synthesis Resource Usage Summary                             ;
+---------------------------------------------+---------------------------+
; Resource                                    ; Usage                     ;
+---------------------------------------------+---------------------------+
; Estimated Total logic elements              ; 70                        ;
;                                             ;                           ;
; Total combinational functions               ; 70                        ;
; Logic element usage by number of LUT inputs ;                           ;
;     -- 4 input functions                    ; 49                        ;
;     -- 3 input functions                    ; 11                        ;
;     -- <=2 input functions                  ; 10                        ;
;                                             ;                           ;
; Logic elements by mode                      ;                           ;
;     -- normal mode                          ; 70                        ;
;     -- arithmetic mode                      ; 0                         ;
;                                             ;                           ;
; Total registers                             ; 3                         ;
;     -- Dedicated logic registers            ; 3                         ;
;     -- I/O registers                        ; 0                         ;
;                                             ;                           ;
; I/O pins                                    ; 25                        ;
; Maximum fan-out node                        ; 74161:inst26|f74161:sub|9 ;
; Maximum fan-out                             ; 14                        ;
; Total fan-out                               ; 265                       ;
; Average fan-out                             ; 2.70                      ;
+---------------------------------------------+---------------------------+


+---------------------------------------------------------------------------------------------------------------------------------------------------------------------------------------+
; Analysis & Synthesis Resource Utilization by Entity                                                                                                                                   ;
+----------------------------+-------------------+--------------+-------------+--------------+---------+-----------+------+--------------+-------------------------------+--------------+
; Compilation Hierarchy Node ; LC Combinationals ; LC Registers ; Memory Bits ; DSP Elements ; DSP 9x9 ; DSP 18x18 ; Pins ; Virtual Pins ; Full Hierarchy Name           ; Library Name ;
+----------------------------+-------------------+--------------+-------------+--------------+---------+-----------+------+--------------+-------------------------------+--------------+
; |tube                      ; 70 (4)            ; 3 (1)        ; 0           ; 0            ; 0       ; 0         ; 25   ; 0            ; |tube                         ; work         ;
;    |74161:inst26|          ; 1 (0)             ; 2 (0)        ; 0           ; 0            ; 0       ; 0         ; 0    ; 0            ; |tube|74161:inst26            ; work         ;
;       |f74161:sub|         ; 1 (1)             ; 2 (2)        ; 0           ; 0            ; 0       ; 0         ; 0    ; 0            ; |tube|74161:inst26|f74161:sub ; work         ;
;    |74185:inst4|           ; 6 (6)             ; 0 (0)        ; 0           ; 0            ; 0       ; 0         ; 0    ; 0            ; |tube|74185:inst4             ; work         ;
;    |74185:inst|            ; 16 (16)           ; 0 (0)        ; 0           ; 0            ; 0       ; 0         ; 0    ; 0            ; |tube|74185:inst              ; work         ;
;    |Select1:inst2|         ; 36 (36)           ; 0 (0)        ; 0           ; 0            ; 0       ; 0         ; 0    ; 0            ; |tube|Select1:inst2           ; work         ;
;    |ex7449:inst21|         ; 7 (7)             ; 0 (0)        ; 0           ; 0            ; 0       ; 0         ; 0    ; 0            ; |tube|ex7449:inst21           ; work         ;
+----------------------------+-------------------+--------------+-------------+--------------+---------+-----------+------+--------------+-------------------------------+--------------+
Note: For table entries with two numbers listed, the numbers in parentheses indicate the number of resources of the given type used by the specific entity alone. The numbers listed outside of parentheses indicate the total resources of the given type used by the specific entity and all of its sub-entities in the hierarchy.


+------------------------------------------------------------------------------------------------------+
; User-Specified and Inferred Latches                                                                  ;
+----------------------------------------------------+------------------------+------------------------+
; Latch Name                                         ; Latch Enable Signal    ; Free of Timing Hazards ;
+----------------------------------------------------+------------------------+------------------------+
; Select1:inst2|BCD[1]                               ; Select1:inst2|BCD[3]~9 ; yes                    ;
; Select1:inst2|BCD[2]                               ; Select1:inst2|BCD[3]~9 ; yes                    ;
; Select1:inst2|BCD[0]                               ; Select1:inst2|BCD[3]~9 ; yes                    ;
; Select1:inst2|BCD[3]                               ; Select1:inst2|BCD[3]~9 ; yes                    ;
; Number of user-specified and inferred latches = 4  ;                        ;                        ;
+----------------------------------------------------+------------------------+------------------------+
Note: All latches listed above may not be present at the end of synthesis due to various synthesis optimizations.


+------------------------------------------------------+
; General Register Statistics                          ;
+----------------------------------------------+-------+
; Statistic                                    ; Value ;
+----------------------------------------------+-------+
; Total registers                              ; 3     ;
; Number of registers using Synchronous Clear  ; 0     ;
; Number of registers using Synchronous Load   ; 0     ;
; Number of registers using Asynchronous Clear ; 2     ;
; Number of registers using Asynchronous Load  ; 0     ;
; Number of registers using Clock Enable       ; 0     ;
; Number of registers using Preset             ; 0     ;
+----------------------------------------------+-------+


+--------------------------------------------------------------------------------------------------------------------------------------------+
; Multiplexer Restructuring Statistics (Restructuring Performed)                                                                             ;
+--------------------+-----------+---------------+----------------------+------------------------+------------+------------------------------+
; Multiplexer Inputs ; Bus Width ; Baseline Area ; Area if Restructured ; Saving if Restructured ; Registered ; Example Multiplexer Output   ;
+--------------------+-----------+---------------+----------------------+------------------------+------------+------------------------------+
; 3:1                ; 2 bits    ; 4 LEs         ; 4 LEs                ; 0 LEs                  ; No         ; |tube|Select1:inst2|BCD[2]~5 ;
; 3:1                ; 2 bits    ; 4 LEs         ; 4 LEs                ; 0 LEs                  ; No         ; |tube|Select1:inst2|BCD[1]~3 ;
+--------------------+-----------+---------------+----------------------+------------------------+------------+------------------------------+


+-----------------------------------------------------------+
; Parameter Settings for User Entity Instance: 74161:inst26 ;
+------------------------+------------+---------------------+
; Parameter Name         ; Value      ; Type                ;
+------------------------+------------+---------------------+
; DEVICE_FAMILY          ; Cyclone II ; Untyped             ;
; AUTO_CARRY_CHAINS      ; ON         ; AUTO_CARRY          ;
; IGNORE_CARRY_BUFFERS   ; OFF        ; IGNORE_CARRY        ;
; AUTO_CASCADE_CHAINS    ; ON         ; AUTO_CASCADE        ;
; IGNORE_CASCADE_BUFFERS ; OFF        ; IGNORE_CASCADE      ;
+------------------------+------------+---------------------+
Note: In order to hide this table in the UI and the text report file, please set the "Show Parameter Settings Tables in Synthesis Report" option in "Analysis and Synthesis Settings -> More Settings" to "Off".


+-------------------------------+
; Analysis & Synthesis Messages ;
+-------------------------------+
Info: *******************************************************************
Info: Running Quartus II Analysis & Synthesis
    Info: Version 9.0 Build 184 04/29/2009 Service Pack 1 SJ Web Edition
    Info: Processing started: Fri Mar 15 23:03:51 2019
Info: Command: quartus_map --read_settings_files=on --write_settings_files=off tube -c tube
Info: Found 2 design units, including 1 entities, in source file Select1.vhd
    Info: Found design unit 1: Select1-solve
    Info: Found entity 1: Select1
Info: Found 1 design units, including 1 entities, in source file tube.bdf
    Info: Found entity 1: tube
Info: Found 1 design units, including 1 entities, in source file ex7449.bdf
    Info: Found entity 1: ex7449
Info: Elaborating entity "tube" for the top level hierarchy
Warning: Block or symbol "74161" of instance "inst26" overlaps another block or symbol
Warning: Block or symbol "NOT" of instance "inst27" overlaps another block or symbol
Info: Elaborating entity "ex7449" for hierarchy "ex7449:inst21"
Info: Elaborating entity "Select1" for hierarchy "Select1:inst2"
Info (10041): Inferred latch for "BCD[0]" at Select1.vhd(13)
Info (10041): Inferred latch for "BCD[1]" at Select1.vhd(13)
Info (10041): Inferred latch for "BCD[2]" at Select1.vhd(13)
Info (10041): Inferred latch for "BCD[3]" at Select1.vhd(13)
Info: Elaborating entity "74185" for hierarchy "74185:inst4"
Info: Elaborated megafunction instantiation "74185:inst4"
Info: Elaborating entity "74161" for hierarchy "74161:inst26"
Info: Elaborated megafunction instantiation "74161:inst26"
Info: Elaborating entity "f74161" for hierarchy "74161:inst26|f74161:sub"
Info: Elaborated megafunction instantiation "74161:inst26|f74161:sub", which is child of megafunction instantiation "74161:inst26"
Info: Ignored 1 buffer(s)
    Info: Ignored 1 CARRY buffer(s)
Warning: Latch Select1:inst2|BCD[1] has unsafe behavior
    Warning: Ports D and ENA on the latch are fed by the same signal 74161:inst26|f74161:sub|87
Warning: Latch Select1:inst2|BCD[2] has unsafe behavior
    Warning: Ports D and ENA on the latch are fed by the same signal 74161:inst26|f74161:sub|87
Warning: Latch Select1:inst2|BCD[0] has unsafe behavior
    Warning: Ports D and ENA on the latch are fed by the same signal 74161:inst26|f74161:sub|87
Warning: Latch Select1:inst2|BCD[3] has unsafe behavior
    Warning: Ports D and ENA on the latch are fed by the same signal 74161:inst26|f74161:sub|87
Warning: Output pins are stuck at VCC or GND
    Warning (13410): Pin "dot" is stuck at GND
    Warning (13410): Pin "OS[7]" is stuck at VCC
    Warning (13410): Pin "OS[6]" is stuck at VCC
    Warning (13410): Pin "OS[5]" is stuck at VCC
    Warning (13410): Pin "OS[4]" is stuck at VCC
    Warning (13410): Pin "OS[3]" is stuck at VCC
Info: Implemented 96 device resources after synthesis - the final resource count might be different
    Info: Implemented 9 input pins
    Info: Implemented 16 output pins
    Info: Implemented 71 logic cells
Info: Quartus II Analysis & Synthesis was successful. 0 errors, 17 warnings
    Info: Peak virtual memory: 267 megabytes
    Info: Processing ended: Fri Mar 15 23:03:55 2019
    Info: Elapsed time: 00:00:04
    Info: Total CPU time (on all processors): 00:00:03


